<?xml version="1.0" encoding="UTF-8"?>
<testng-results ignored="0" total="1" passed="1" failed="0" skipped="0">
  <reporter-output>
  </reporter-output>
  <suite started-at="2023-12-07T17:20:10Z" name="Open Cart Test Regression PW Suite" finished-at="2023-12-07T17:20:40Z" duration-ms="30373">
    <groups>
    </groups>
    <test started-at="2023-12-07T17:20:10Z" name="CultureKing" finished-at="2023-12-07T17:20:40Z" duration-ms="30373">
      <class name="A">
        <test-method is-config="true" signature="setup(java.lang.String)[pri:0, instance:A@5ab956d7]" started-at="2023-12-07T17:20:11Z" name="setup" finished-at="2023-12-07T17:20:34Z" duration-ms="23156" status="PASS">
          <params>
            <param index="0">
              <value>
                <![CDATA[chrome]]>
              </value>
            </param>
          </params>
          <reporter-output>
          </reporter-output>
        </test-method> <!-- setup -->
        <test-method signature="name(java.util.Hashtable)[pri:0, instance:A@5ab956d7]" started-at="2023-12-07T17:20:34Z" name="name" data-provider="Data" finished-at="2023-12-07T17:20:40Z" duration-ms="5797" status="PASS">
          <params>
            <param index="0">
              <value>
                <![CDATA[{URL=https://qa.kraios.tmf-group.com/login?id_token=eyJhbGciOiJSUzI1NiJ9.eyJzdWIiOiJzYXRpc2h2bWFuanVuYXRoQGdtYWlsLmNvbSIsImlzcyI6Im9uZXRtZi1nYWx2YW5pemUiLCJleHAiOjE5Mjc1NDE5MTAsImlhdCI6MTY1NjUwNTExMCwiZW1haWwiOiJzYXRpc2h2bWFuanVuYXRoQGdtYWlsLmNvbSJ9.YTU-6TmFtcLqcUbmIPSfMu4sBUHBzTPjDdnsT0MzbYYQFxJNYyAgX3EYkuH-8I3LzY9x6YrNtGi1_G1Mq7ShLnKC6o2TQ1k_iHtuGKffQl3IWvo20JqNScOCHYq6K1HIpX1pl4H_jqI6l6H7qO9eDmMLu5vwkTHbpI7bg_zWSr3A1qI5U7kdLPWuN7Pcnse_1_tD11cPlBCRV9I5Z3295nUlwaXkdfRhkLfFJPJYkA2Si7E-4l_Osh4QUscunkYavDn7Vbh75P3XigwuCqOiOwqeroSpXAO_JBHChRUNnlCPFquwtFdZ82o7fH5p9eKwpPQ-9rb1Gesf61OtiJbnKg, UserID=Satish}]]>
              </value>
            </param>
          </params>
          <reporter-output>
          </reporter-output>
        </test-method> <!-- name -->
        <test-method is-config="true" signature="tearDown()[pri:0, instance:A@5ab956d7]" started-at="2023-12-07T17:20:40Z" name="tearDown" finished-at="2023-12-07T17:20:40Z" duration-ms="186" status="PASS">
          <reporter-output>
          </reporter-output>
        </test-method> <!-- tearDown -->
      </class> <!-- A -->
    </test> <!-- CultureKing -->
  </suite> <!-- Open Cart Test Regression PW Suite -->
</testng-results>
